<?xml version="1.0" encoding="UTF-8"?>
<!-- Generated by org.testng.reporters.JUnitXMLReporter -->
<testsuite ignored="0" hostname="ANAND" failures="1" tests="1" name="Test(failed)" time="14.998" errors="0" timestamp="2024-07-15T10:04:32 IST">
  <testcase classname="testCases.TC_002_LoginTest" name="VerifyLogin" time="11.147">
    <failure type="java.lang.AssertionError" message="expected [true] but found [false]">
      <![CDATA[java.lang.AssertionError: expected [true] but found [false]
at testCases.TC_002_LoginTest.VerifyLogin(TC_002_LoginTest.java:37)
at java.base/java.util.ArrayList.forEach(ArrayList.java:1511)
... Removed 31 stack frames]]>
    </failure>
  </testcase> <!-- VerifyLogin -->
</testsuite> <!-- Test(failed) -->
